<?xml version="1.0" encoding="UTF-8"?>
<!-- Generated by org.testng.reporters.JUnitXMLReporter -->
<testsuite ignored="0" hostname="DESKTOP-T0TP40M" failures="0" tests="2" name="Test" time="83.539" errors="0" timestamp="2025-05-11T21:50:37 IST">
  <testcase classname="packageofamazon.Project_Maven_Amazon.TestCase1" name="logintoamazon_search_logout" time="32.42"/>
  <testcase classname="packageofamazon.Project_Maven_Amazon.TestCase2" name="login_search_wishlist_cart_logout" time="40.966"/>
</testsuite> <!-- Test -->
