<?xml version="1.0" encoding="UTF-8"?>
<testng-results ignored="0" total="2" passed="2" failed="0" skipped="0">
  <reporter-output>
  </reporter-output>
  <suite started-at="2025-05-11T21:49:14 IST" name="Suite" finished-at="2025-05-11T21:50:37 IST" duration-ms="83539">
    <groups>
    </groups>
    <test started-at="2025-05-11T21:49:14 IST" name="Test" finished-at="2025-05-11T21:50:37 IST" duration-ms="83539">
      <class name="packageofamazon.Project_Maven_Amazon.TestCase1">
        <test-method signature="logintoamazon_search_logout()[pri:0, instance:packageofamazon.Project_Maven_Amazon.TestCase1@654f0d9c]" started-at="2025-05-11T21:49:14 IST" name="logintoamazon_search_logout" finished-at="2025-05-11T21:49:46 IST" duration-ms="32420" status="PASS">
          <reporter-output>
          </reporter-output>
        </test-method> <!-- logintoamazon_search_logout -->
      </class> <!-- packageofamazon.Project_Maven_Amazon.TestCase1 -->
      <class name="packageofamazon.Project_Maven_Amazon.TestCase2">
        <test-method is-config="true" signature="launch()[pri:0, instance:packageofamazon.Project_Maven_Amazon.TestCase2@c267ef4]" started-at="2025-05-11T21:49:46 IST" name="launch" finished-at="2025-05-11T21:49:56 IST" duration-ms="10061" status="PASS">
          <reporter-output>
          </reporter-output>
        </test-method> <!-- launch -->
        <test-method signature="login_search_wishlist_cart_logout()[pri:0, instance:packageofamazon.Project_Maven_Amazon.TestCase2@c267ef4]" started-at="2025-05-11T21:49:56 IST" name="login_search_wishlist_cart_logout" finished-at="2025-05-11T21:50:37 IST" duration-ms="40966" status="PASS">
          <reporter-output>
          </reporter-output>
        </test-method> <!-- login_search_wishlist_cart_logout -->
      </class> <!-- packageofamazon.Project_Maven_Amazon.TestCase2 -->
    </test> <!-- Test -->
  </suite> <!-- Suite -->
</testng-results>
