<?xml version="1.0" encoding="UTF-8"?>
<testng-results ignored="0" total="2" passed="2" failed="0" skipped="0">
  <reporter-output>
  </reporter-output>
  <suite started-at="2025-05-11T21:38:40 IST" name="Suite" finished-at="2025-05-11T21:39:52 IST" duration-ms="71892">
    <groups>
    </groups>
    <test started-at="2025-05-11T21:38:40 IST" name="Test" finished-at="2025-05-11T21:39:52 IST" duration-ms="71892">
      <class name="packageofamazon.Project_Maven_Amazon.TestCase1">
        <test-method signature="logintoamazon_search_logout()[pri:0, instance:packageofamazon.Project_Maven_Amazon.TestCase1@4550bb58]" started-at="2025-05-11T21:38:40 IST" name="logintoamazon_search_logout" finished-at="2025-05-11T21:39:03 IST" duration-ms="23063" status="PASS">
          <reporter-output>
          </reporter-output>
        </test-method> <!-- logintoamazon_search_logout -->
      </class> <!-- packageofamazon.Project_Maven_Amazon.TestCase1 -->
      <class name="packageofamazon.Project_Maven_Amazon.TestCase2">
        <test-method is-config="true" signature="launch()[pri:0, instance:packageofamazon.Project_Maven_Amazon.TestCase2@67c27493]" started-at="2025-05-11T21:39:03 IST" name="launch" finished-at="2025-05-11T21:39:13 IST" duration-ms="10108" status="PASS">
          <reporter-output>
          </reporter-output>
        </test-method> <!-- launch -->
        <test-method signature="login_search_wishlist_cart_logout()[pri:0, instance:packageofamazon.Project_Maven_Amazon.TestCase2@67c27493]" started-at="2025-05-11T21:39:13 IST" name="login_search_wishlist_cart_logout" finished-at="2025-05-11T21:39:52 IST" duration-ms="38577" status="PASS">
          <reporter-output>
          </reporter-output>
        </test-method> <!-- login_search_wishlist_cart_logout -->
      </class> <!-- packageofamazon.Project_Maven_Amazon.TestCase2 -->
    </test> <!-- Test -->
  </suite> <!-- Suite -->
</testng-results>
